<?xml version="1.0" encoding="UTF-8"?>
<testng-results skipped="0" failed="1" total="1" passed="0">
  <reporter-output>
  </reporter-output>
  <suite name="Suite" duration-ms="38325" started-at="2016-04-26T19:17:49Z" finished-at="2016-04-26T19:18:27Z">
    <groups>
    </groups>
    <test name="Test" duration-ms="38325" started-at="2016-04-26T19:17:49Z" finished-at="2016-04-26T19:18:27Z">
      <class name="Appium.Process">
        <test-method status="FAIL" signature="f()[pri:0, instance:Appium.Process@5e025e70]" name="f" duration-ms="38294" started-at="2016-04-26T12:17:49Z" finished-at="2016-04-26T12:18:27Z">
          <exception class="org.openqa.selenium.NoSuchElementException">
            <message>
              <![CDATA[An element could not be located on the page using the given search parameters. (WARNING: The server did not provide any stacktrace information)
Command duration or timeout: 20.32 seconds
For documentation on this error, please visit: http://seleniumhq.org/exceptions/no_such_element.html
Build info: version: '2.52.0', revision: '4c2593c', time: '2016-02-11 19:03:33'
System info: host: 'BLT0007-PC', ip: '192.168.1.182', os.name: 'Windows 8.1', os.arch: 'amd64', os.version: '6.3', java.version: '1.8.0_05'
Driver info: org.openqa.selenium.remote.RemoteWebDriver
Capabilities [{app=http://192.168.1.184:9090/jenkins/job/Project1_TObject/lastSuccessfulBuild/artifact/app/build/outputs/apk/app-debug.apk, appPackage=com.example.android.testing.unittesting.BasicSample, networkConnectionEnabled=true, warnings={}, databaseEnabled=false, deviceName=J668A1ZR5B101972, platform=LINUX, appActivity=com.example.android.testing.unittesting.BasicSample.MainActivity, desired={app=http://192.168.1.184:9090/jenkins/job/Project1_TObject/lastSuccessfulBuild/artifact/app/build/outputs/apk/app-debug.apk, appPackage=com.example.android.testing.unittesting.BasicSample, appActivity=com.example.android.testing.unittesting.BasicSample.MainActivity, platformVersion=5.1, browserName=Android, platformName=Android, deviceName=J668A1ZR5B101972}, platformVersion=5.1, webStorageEnabled=false, locationContextEnabled=false, browserName=Android, takesScreenshot=true, javascriptEnabled=true, platformName=Android}]
Session ID: 8939c5c5-ec53-4b6b-ab3e-a099c05dc98b
*** Element info: {Using=xpath, value=//android.widget.Button[contains(@bounds,'[192,655][384,853]')]}]]>
            </message>
            <full-stacktrace>
              <![CDATA[org.openqa.selenium.NoSuchElementException: An element could not be located on the page using the given search parameters. (WARNING: The server did not provide any stacktrace information)
Command duration or timeout: 20.32 seconds
For documentation on this error, please visit: http://seleniumhq.org/exceptions/no_such_element.html
Build info: version: '2.52.0', revision: '4c2593c', time: '2016-02-11 19:03:33'
System info: host: 'BLT0007-PC', ip: '192.168.1.182', os.name: 'Windows 8.1', os.arch: 'amd64', os.version: '6.3', java.version: '1.8.0_05'
Driver info: org.openqa.selenium.remote.RemoteWebDriver
Capabilities [{app=http://192.168.1.184:9090/jenkins/job/Project1_TObject/lastSuccessfulBuild/artifact/app/build/outputs/apk/app-debug.apk, appPackage=com.example.android.testing.unittesting.BasicSample, networkConnectionEnabled=true, warnings={}, databaseEnabled=false, deviceName=J668A1ZR5B101972, platform=LINUX, appActivity=com.example.android.testing.unittesting.BasicSample.MainActivity, desired={app=http://192.168.1.184:9090/jenkins/job/Project1_TObject/lastSuccessfulBuild/artifact/app/build/outputs/apk/app-debug.apk, appPackage=com.example.android.testing.unittesting.BasicSample, appActivity=com.example.android.testing.unittesting.BasicSample.MainActivity, platformVersion=5.1, browserName=Android, platformName=Android, deviceName=J668A1ZR5B101972}, platformVersion=5.1, webStorageEnabled=false, locationContextEnabled=false, browserName=Android, takesScreenshot=true, javascriptEnabled=true, platformName=Android}]
Session ID: 8939c5c5-ec53-4b6b-ab3e-a099c05dc98b
*** Element info: {Using=xpath, value=//android.widget.Button[contains(@bounds,'[192,655][384,853]')]}
	at sun.reflect.NativeConstructorAccessorImpl.newInstance0(Native Method)
	at sun.reflect.NativeConstructorAccessorImpl.newInstance(Unknown Source)
	at sun.reflect.DelegatingConstructorAccessorImpl.newInstance(Unknown Source)
	at java.lang.reflect.Constructor.newInstance(Unknown Source)
	at org.openqa.selenium.remote.ErrorHandler.createThrowable(ErrorHandler.java:206)
	at org.openqa.selenium.remote.ErrorHandler.throwIfResponseFailed(ErrorHandler.java:158)
	at org.openqa.selenium.remote.RemoteWebDriver.execute(RemoteWebDriver.java:678)
	at org.openqa.selenium.remote.RemoteWebDriver.findElement(RemoteWebDriver.java:363)
	at org.openqa.selenium.remote.RemoteWebDriver.findElementByXPath(RemoteWebDriver.java:500)
	at org.openqa.selenium.By$ByXPath.findElement(By.java:361)
	at org.openqa.selenium.remote.RemoteWebDriver.findElement(RemoteWebDriver.java:355)
	at Appium.Process.f(Process.java:29)
	at sun.reflect.NativeMethodAccessorImpl.invoke0(Native Method)
	at sun.reflect.NativeMethodAccessorImpl.invoke(Unknown Source)
	at sun.reflect.DelegatingMethodAccessorImpl.invoke(Unknown Source)
	at java.lang.reflect.Method.invoke(Unknown Source)
	at org.testng.internal.MethodInvocationHelper.invokeMethod(MethodInvocationHelper.java:85)
	at org.testng.internal.Invoker.invokeMethod(Invoker.java:639)
	at org.testng.internal.Invoker.invokeTestMethod(Invoker.java:816)
	at org.testng.internal.Invoker.invokeTestMethods(Invoker.java:1124)
	at org.testng.internal.TestMethodWorker.invokeTestMethods(TestMethodWorker.java:125)
	at org.testng.internal.TestMethodWorker.run(TestMethodWorker.java:108)
	at java.util.concurrent.ThreadPoolExecutor.runWorker(Unknown Source)
	at java.util.concurrent.ThreadPoolExecutor$Worker.run(Unknown Source)
	at java.lang.Thread.run(Unknown Source)
]]>
            </full-stacktrace>
          </exception> <!-- org.openqa.selenium.NoSuchElementException -->
          <reporter-output>
          </reporter-output>
        </test-method> <!-- f -->
      </class> <!-- Appium.Process -->
    </test> <!-- Test -->
  </suite> <!-- Suite -->
</testng-results>
